[0.037s] Invoking command in '/home/gy/Omron_TM_ROS2/build/tmr_msgs': CMAKE_PREFIX_PATH=${CMAKE_PREFIX_PATH}:/home/gy/Omron_TM_ROS2/install/tmr_mod_urdf:/home/gy/Omron_TM_ROS2/install/tm_get_status:/opt/ros/foxy /usr/bin/cmake --build /home/gy/Omron_TM_ROS2/build/tmr_msgs -- -j3 -l3
[0.074s] CMake Error: The current CMakeCache.txt directory /home/gy/Omron_TM_ROS2/build/tmr_msgs/CMakeCache.txt is different than the directory /home/gy/tmr_ros2/build/tmr_msgs where CMakeCache.txt was created. This may result in binaries being created in the wrong place. If you are not sure, reedit the CMakeCache.txt
[0.226s] [  0%] Built target tmr_msgs__cpp
[0.271s] [ 12%] Built target tmr_msgs__rosidl_generator_c
[0.324s] make[1]: *** wait: No child processes.  Stop.
[0.325s] make[1]: *** Waiting for unfinished jobs....
[0.328s] make[1]: *** wait: No child processes.  Stop.
[0.329s] make[1]: *** [CMakeFiles/Makefile2:412: CMakeFiles/tmr_msgs__rosidl_typesupport_cpp.dir/all] Interrupt
[0.331s] make[1]: *** [CMakeFiles/Makefile2:273: CMakeFiles/tmr_msgs__rosidl_typesupport_fastrtps_cpp.dir/all] Error 2
[0.332s] make: *** [Makefile:141: all] Interrupt
[0.332s] Invoked command in '/home/gy/Omron_TM_ROS2/build/tmr_msgs' returned '-2': CMAKE_PREFIX_PATH=${CMAKE_PREFIX_PATH}:/home/gy/Omron_TM_ROS2/install/tmr_mod_urdf:/home/gy/Omron_TM_ROS2/install/tm_get_status:/opt/ros/foxy /usr/bin/cmake --build /home/gy/Omron_TM_ROS2/build/tmr_msgs -- -j3 -l3
