[0.071s] Invoking command in '/home/gy/Omron_TM_ROS2/build/tm_driver': AMENT_PREFIX_PATH=/home/gy/tmr_ros2/install/tm_msgs:${AMENT_PREFIX_PATH} CMAKE_PREFIX_PATH=/home/gy/Omron_TM_ROS2/install/tm_msgs:/home/gy/Omron_TM_ROS2/install/tmrlib:/home/gy/Omron_TM_ROS2/install/tmr_msgs:/home/gy/Omron_TM_ROS2/install/tmr_moveit_cpp_demo:/home/gy/Omron_TM_ROS2/install/tmr_moveit_config_tm5-900:/home/gy/Omron_TM_ROS2/install/tmr_description:/home/gy/Omron_TM_ROS2/install/custom_package:/home/gy/Omron_TM_ROS2/install/techman_robot_msgs:/home/gy/tmdriver_ws/install/ui_for_debug_and_demo:/home/gy/tmdriver_ws/install/tmr_driver:/home/gy/tmdriver_ws/install/tmrlib:/home/gy/tmdriver_ws/install/tmr_msgs:/home/gy/tmdriver_ws/install/tmr_moveit_cpp_demo:/home/gy/tmdriver_ws/install/tmr_moveit_config_tm5-900:/home/gy/tmdriver_ws/install/tmr_description:/home/gy/tmdriver_ws/install/tm_driver:/home/gy/tmdriver_ws/install/demo:/home/gy/tmdriver_ws/install/tm_msgs:/home/gy/tmdriver_ws/install/custom_package:/home/gy/tmdriver_ws/install/techman_robot_msgs:/home/gy/Omron_TM_ROS2/src/install/pickplace:/home/gy/Omron_TM_ROS2/install/tmr_mod_urdf:/home/gy/Omron_TM_ROS2/install/tm_get_status:/home/gy/Omron_TM_ROS2/install/pickplace:/home/gy/tmdriver_ws/install/tmr_mod_urdf:/home/gy/tmdriver_ws/install/tm_get_status:/opt/ros/foxy LD_LIBRARY_PATH=/home/gy/tmr_ros2/install/tm_msgs/lib:/home/gy/Omron_TM_ROS2/install/tm_msgs/lib:/home/gy/Omron_TM_ROS2/install/tmrlib/lib:/home/gy/Omron_TM_ROS2/install/tmr_msgs/lib:/home/gy/Omron_TM_ROS2/install/techman_robot_msgs/lib:/home/gy/tmdriver_ws/install/tmrlib/lib:/home/gy/tmdriver_ws/install/tmr_msgs/lib:/home/gy/tmdriver_ws/install/tm_msgs/lib:/home/gy/tmdriver_ws/install/techman_robot_msgs/lib:/opt/ros/foxy/opt/yaml_cpp_vendor/lib:/opt/ros/foxy/opt/rviz_ogre_vendor/lib:/opt/ros/foxy/lib/x86_64-linux-gnu:/opt/ros/foxy/lib PYTHONPATH=/home/gy/tmr_ros2/install/tm_msgs/lib/python3.8/site-packages:/home/gy/Omron_TM_ROS2/install/tm_msgs/lib/python3.8/site-packages:/home/gy/Omron_TM_ROS2/src/install/pickplace/lib/python3.8/site-packages:/home/gy/Omron_TM_ROS2/install/tmr_msgs/lib/python3.8/site-packages:/home/gy/Omron_TM_ROS2/install/tmr_mod_urdf/lib/python3.8/site-packages:/home/gy/Omron_TM_ROS2/install/tm_get_status/lib/python3.8/site-packages:/home/gy/Omron_TM_ROS2/install/techman_robot_msgs/lib/python3.8/site-packages:/home/gy/Omron_TM_ROS2/install/pickplace/lib/python3.8/site-packages:/home/gy/tmdriver_ws/install/tmr_msgs/lib/python3.8/site-packages:/home/gy/tmdriver_ws/install/tmr_mod_urdf/lib/python3.8/site-packages:/home/gy/tmdriver_ws/install/tm_msgs/lib/python3.8/site-packages:/home/gy/tmdriver_ws/install/tm_get_status/lib/python3.8/site-packages:/home/gy/tmdriver_ws/install/techman_robot_msgs/lib/python3.8/site-packages:/opt/ros/foxy/lib/python3.8/site-packages /usr/bin/cmake --build /home/gy/Omron_TM_ROS2/build/tm_driver -- -j3 -l3
[0.094s] CMake Error: The current CMakeCache.txt directory /home/gy/Omron_TM_ROS2/build/tm_driver/CMakeCache.txt is different than the directory /home/gy/tmr_ros2/build/tm_driver where CMakeCache.txt was created. This may result in binaries being created in the wrong place. If you are not sure, reedit the CMakeCache.txt
[0.166s] -- Found ament_cmake: 0.9.8 (/opt/ros/foxy/share/ament_cmake/cmake)
[0.214s] -- Using PYTHON_EXECUTABLE: /usr/bin/python3
[0.636s] -- Found rclcpp: 2.3.0 (/opt/ros/foxy/share/rclcpp/cmake)
[0.716s] -- Using all available rosidl_typesupport_c: rosidl_typesupport_fastrtps_c;rosidl_typesupport_introspection_c
[0.727s] -- Found rosidl_adapter: 1.2.0 (/opt/ros/foxy/share/rosidl_adapter/cmake)
[1.017s] -- Using all available rosidl_typesupport_cpp: rosidl_typesupport_fastrtps_cpp;rosidl_typesupport_introspection_cpp
[1.140s] -- Found rmw_implementation_cmake: 1.0.2 (/opt/ros/foxy/share/rmw_implementation_cmake/cmake)
[1.150s] -- Using RMW implementation 'rmw_fastrtps_cpp' as default
[1.574s] -- Found sensor_msgs: 2.0.3 (/opt/ros/foxy/share/sensor_msgs/cmake)
[1.876s] -- Found tm_msgs: 1.0.0 (/home/gy/tmr_ros2/install/tm_msgs/share/tm_msgs/cmake)
[1.957s] -- Found ament_lint_auto: 0.9.6 (/opt/ros/foxy/share/ament_lint_auto/cmake)
[2.210s] -- Added test 'copyright' to check source files copyright and LICENSE
[2.213s] -- Added test 'cppcheck' to perform static code analysis on C / C++ code
[2.214s] -- Configured cppcheck include dirs: /home/gy/tmr_ros2/tm_driver/include
[2.214s] -- Configured cppcheck exclude dirs and/or files: 
[2.216s] -- Added test 'cpplint' to check C / C++ code against the Google style
[2.216s] -- Configured cpplint exclude dirs and/or files: 
[2.217s] -- Added test 'flake8' to check Python code syntax and style conventions
[2.218s] -- Added test 'lint_cmake' to check CMake code style
[2.219s] -- Added test 'pep257' to check Python code against some of the style conventions in PEP 257
[2.222s] -- Added test 'uncrustify' to check C / C++ code style
[2.222s] -- Configured uncrustify additional arguments: 
[2.223s] -- Added test 'xmllint' to check XML markup files
[2.252s] -- Configuring done
[2.361s] -- Generating done
[2.364s] -- Build files have been written to: /home/gy/tmr_ros2/build/tm_driver
[2.514s] [  8%] [32mBuilding CXX object CMakeFiles/tm_driver.dir/src/tm_ros2_composition.cpp.o[0m
[2.515s] [ 16%] [32mBuilding CXX object CMakeFiles/tm_driver.dir/src/tm_ros2_sct.cpp.o[0m
[2.516s] [ 25%] [32mBuilding CXX object CMakeFiles/tm_driver.dir/src/tm_ros2_svr.cpp.o[0m
[53.296s] Assembler messages:
[53.332s] Fatal error: can't create CMakeFiles/tm_driver.dir/src/tm_ros2_composition.cpp.o: No such file or directory
[53.333s] Assembler messages:
[53.333s] Fatal error: can't create CMakeFiles/tm_driver.dir/src/tm_ros2_sct.cpp.o: No such file or directory
[53.333s] Assembler messages:
[53.333s] Fatal error: can't create CMakeFiles/tm_driver.dir/src/tm_ros2_svr.cpp.o: No such file or directory
[53.334s] make[2]: *** [CMakeFiles/tm_driver.dir/build.make:63: CMakeFiles/tm_driver.dir/src/tm_ros2_composition.cpp.o] Error 1
[53.334s] make[2]: *** Waiting for unfinished jobs....
[53.334s] make[2]: *** [CMakeFiles/tm_driver.dir/build.make:76: CMakeFiles/tm_driver.dir/src/tm_ros2_sct.cpp.o] Error 1
[53.334s] make[2]: *** [CMakeFiles/tm_driver.dir/build.make:89: CMakeFiles/tm_driver.dir/src/tm_ros2_svr.cpp.o] Error 1
[53.334s] make[1]: *** [CMakeFiles/Makefile2:78: CMakeFiles/tm_driver.dir/all] Error 2
[53.334s] make: *** [Makefile:141: all] Error 2
