[0.274s] Invoking command in '/home/gy/Omron_TM_ROS2/build/demo': AMENT_PREFIX_PATH=/home/gy/tmr_ros2/install/tm_msgs:${AMENT_PREFIX_PATH} CMAKE_PREFIX_PATH=/home/gy/Omron_TM_ROS2/install/tm_msgs:/home/gy/tmdriver_ws/install/ui_for_debug_and_demo:/home/gy/tmdriver_ws/install/tmr_driver:/home/gy/tmdriver_ws/install/tmrlib:/home/gy/tmdriver_ws/install/tmr_msgs:/home/gy/tmdriver_ws/install/tmr_moveit_cpp_demo:/home/gy/tmdriver_ws/install/tmr_moveit_config_tm5-900:/home/gy/tmdriver_ws/install/tmr_description:/home/gy/tmdriver_ws/install/tm_driver:/home/gy/tmdriver_ws/install/demo:/home/gy/tmdriver_ws/install/tm_msgs:/home/gy/tmdriver_ws/install/custom_package:/home/gy/tmdriver_ws/install/techman_robot_msgs:/home/gy/tmdriver_ws/install/tmr_mod_urdf:/home/gy/tmdriver_ws/install/tm_get_status:/opt/ros/foxy LD_LIBRARY_PATH=/home/gy/tmr_ros2/install/tm_msgs/lib:/home/gy/Omron_TM_ROS2/install/tm_msgs/lib:${LD_LIBRARY_PATH} PYTHONPATH=/home/gy/tmr_ros2/install/tm_msgs/lib/python3.8/site-packages:/home/gy/Omron_TM_ROS2/install/tm_msgs/lib/python3.8/site-packages:${PYTHONPATH} /usr/bin/cmake --build /home/gy/Omron_TM_ROS2/build/demo -- -j3 -l3
[0.293s] CMake Error: The current CMakeCache.txt directory /home/gy/Omron_TM_ROS2/build/demo/CMakeCache.txt is different than the directory /home/gy/tmr_ros2/build/demo where CMakeCache.txt was created. This may result in binaries being created in the wrong place. If you are not sure, reedit the CMakeCache.txt
[0.551s] -- Found ament_cmake: 0.9.8 (/opt/ros/foxy/share/ament_cmake/cmake)
[0.591s] -- Using PYTHON_EXECUTABLE: /usr/bin/python3
[1.044s] -- Found rclcpp: 2.3.0 (/opt/ros/foxy/share/rclcpp/cmake)
[1.137s] -- Using all available rosidl_typesupport_c: rosidl_typesupport_fastrtps_c;rosidl_typesupport_introspection_c
[1.152s] -- Found rosidl_adapter: 1.2.0 (/opt/ros/foxy/share/rosidl_adapter/cmake)
[1.483s] -- Using all available rosidl_typesupport_cpp: rosidl_typesupport_fastrtps_cpp;rosidl_typesupport_introspection_cpp
[1.652s] -- Found rmw_implementation_cmake: 1.0.2 (/opt/ros/foxy/share/rmw_implementation_cmake/cmake)
[1.658s] -- Using RMW implementation 'rmw_fastrtps_cpp' as default
[2.011s] -- Found sensor_msgs: 2.0.3 (/opt/ros/foxy/share/sensor_msgs/cmake)
[2.297s] -- Found tm_msgs: 1.0.0 (/home/gy/tmr_ros2/install/tm_msgs/share/tm_msgs/cmake)
[2.395s] -- Found ament_lint_auto: 0.9.6 (/opt/ros/foxy/share/ament_lint_auto/cmake)
[2.645s] -- Added test 'copyright' to check source files copyright and LICENSE
[2.687s] -- Added test 'cppcheck' to perform static code analysis on C / C++ code
[2.691s] -- Configured cppcheck include dirs: /home/gy/tmr_ros2/demo/include
[2.691s] -- Configured cppcheck exclude dirs and/or files: 
[2.694s] -- Added test 'cpplint' to check C / C++ code against the Google style
[2.695s] -- Configured cpplint exclude dirs and/or files: 
[2.697s] -- Added test 'lint_cmake' to check CMake code style
[2.700s] -- Added test 'uncrustify' to check C / C++ code style
[2.700s] -- Configured uncrustify additional arguments: 
[2.701s] -- Added test 'xmllint' to check XML markup files
[2.711s] -- Configuring done
[3.318s] -- Generating done
[3.323s] -- Build files have been written to: /home/gy/tmr_ros2/build/demo
[3.434s] [35m[1mScanning dependencies of target demo_get_svr_response[0m
[4.415s] [  3%] [32mBuilding CXX object CMakeFiles/demo_get_svr_response.dir/get_status_demo_src/demo_get_svr_response.cpp.o[0m
[12.585s] Assembler messages:
[12.585s] Fatal error: can't create CMakeFiles/demo_get_svr_response.dir/get_status_demo_src/demo_get_svr_response.cpp.o: No such file or directory
[12.629s] make[2]: *** [CMakeFiles/demo_get_svr_response.dir/build.make:63: CMakeFiles/demo_get_svr_response.dir/get_status_demo_src/demo_get_svr_response.cpp.o] Error 1
[12.629s] make[1]: *** [CMakeFiles/Makefile2:102: CMakeFiles/demo_get_svr_response.dir/all] Error 2
[12.629s] make: *** [Makefile:141: all] Error 2
