CMake Error: The current CMakeCache.txt directory /home/gy/Omron_TM_ROS2/build/demo/CMakeCache.txt is different than the directory /home/gy/tmr_ros2/build/demo where CMakeCache.txt was created. This may result in binaries being created in the wrong place. If you are not sure, reedit the CMakeCache.txt
Assembler messages:
Fatal error: can't create CMakeFiles/demo_ask_item.dir/src/demo_ask_item.cpp.o: No such file or directory
Assembler messages:
Fatal error: can't create CMakeFiles/demo_set_positions.dir/src/demo_set_positions.cpp.o: No such file or directory
Assembler messages:
Fatal error: can't create CMakeFiles/demo_get_svr_response.dir/get_status_demo_src/demo_get_svr_response.cpp.o: No such file or directory
make[2]: *** [CMakeFiles/demo_get_svr_response.dir/build.make:63: CMakeFiles/demo_get_svr_response.dir/get_status_demo_src/demo_get_svr_response.cpp.o] Error 1
make[2]: *** [CMakeFiles/demo_set_positions.dir/build.make:63: CMakeFiles/demo_set_positions.dir/src/demo_set_positions.cpp.o] Error 1
make[2]: *** [CMakeFiles/demo_ask_item.dir/build.make:63: CMakeFiles/demo_ask_item.dir/src/demo_ask_item.cpp.o] Error 1
make[1]: *** [CMakeFiles/Makefile2:102: CMakeFiles/demo_get_svr_response.dir/all] Error 2
make[1]: *** Waiting for unfinished jobs....
make[1]: *** [CMakeFiles/Makefile2:156: CMakeFiles/demo_ask_item.dir/all] Error 2
make[1]: *** [CMakeFiles/Makefile2:183: CMakeFiles/demo_set_positions.dir/all] Error 2
make: *** [Makefile:141: all] Error 2
