[0.033s] Invoking command in '/home/gy/Omron_TM_ROS2/build/demo': AMENT_PREFIX_PATH=/home/gy/tmr_ros2/install/tm_msgs:${AMENT_PREFIX_PATH} CMAKE_PREFIX_PATH=/home/gy/Omron_TM_ROS2/install/tm_msgs:/home/gy/Omron_TM_ROS2/install/tmrlib:/home/gy/Omron_TM_ROS2/install/tmr_msgs:/home/gy/Omron_TM_ROS2/install/tmr_moveit_cpp_demo:/home/gy/Omron_TM_ROS2/install/tmr_moveit_config_tm5-900:/home/gy/Omron_TM_ROS2/install/tmr_description:/home/gy/Omron_TM_ROS2/install/custom_package:/home/gy/Omron_TM_ROS2/install/techman_robot_msgs:/home/gy/tmdriver_ws/install/ui_for_debug_and_demo:/home/gy/tmdriver_ws/install/tmr_driver:/home/gy/tmdriver_ws/install/tmrlib:/home/gy/tmdriver_ws/install/tmr_msgs:/home/gy/tmdriver_ws/install/tmr_moveit_cpp_demo:/home/gy/tmdriver_ws/install/tmr_moveit_config_tm5-900:/home/gy/tmdriver_ws/install/tmr_description:/home/gy/tmdriver_ws/install/tm_driver:/home/gy/tmdriver_ws/install/demo:/home/gy/tmdriver_ws/install/tm_msgs:/home/gy/tmdriver_ws/install/custom_package:/home/gy/tmdriver_ws/install/techman_robot_msgs:/home/gy/Omron_TM_ROS2/src/install/pickplace:/home/gy/Omron_TM_ROS2/install/tmr_mod_urdf:/home/gy/Omron_TM_ROS2/install/tm_get_status:/home/gy/Omron_TM_ROS2/install/pickplace:/home/gy/tmdriver_ws/install/tmr_mod_urdf:/home/gy/tmdriver_ws/install/tm_get_status:/opt/ros/foxy LD_LIBRARY_PATH=/home/gy/tmr_ros2/install/tm_msgs/lib:/home/gy/Omron_TM_ROS2/install/tm_msgs/lib:/home/gy/Omron_TM_ROS2/install/tmrlib/lib:/home/gy/Omron_TM_ROS2/install/tmr_msgs/lib:/home/gy/Omron_TM_ROS2/install/techman_robot_msgs/lib:/home/gy/tmdriver_ws/install/tmrlib/lib:/home/gy/tmdriver_ws/install/tmr_msgs/lib:/home/gy/tmdriver_ws/install/tm_msgs/lib:/home/gy/tmdriver_ws/install/techman_robot_msgs/lib:/opt/ros/foxy/opt/yaml_cpp_vendor/lib:/opt/ros/foxy/opt/rviz_ogre_vendor/lib:/opt/ros/foxy/lib/x86_64-linux-gnu:/opt/ros/foxy/lib PYTHONPATH=/home/gy/tmr_ros2/install/tm_msgs/lib/python3.8/site-packages:/home/gy/Omron_TM_ROS2/install/tm_msgs/lib/python3.8/site-packages:/home/gy/Omron_TM_ROS2/src/install/pickplace/lib/python3.8/site-packages:/home/gy/Omron_TM_ROS2/install/tmr_msgs/lib/python3.8/site-packages:/home/gy/Omron_TM_ROS2/install/tmr_mod_urdf/lib/python3.8/site-packages:/home/gy/Omron_TM_ROS2/install/tm_get_status/lib/python3.8/site-packages:/home/gy/Omron_TM_ROS2/install/techman_robot_msgs/lib/python3.8/site-packages:/home/gy/Omron_TM_ROS2/install/pickplace/lib/python3.8/site-packages:/home/gy/tmdriver_ws/install/tmr_msgs/lib/python3.8/site-packages:/home/gy/tmdriver_ws/install/tmr_mod_urdf/lib/python3.8/site-packages:/home/gy/tmdriver_ws/install/tm_msgs/lib/python3.8/site-packages:/home/gy/tmdriver_ws/install/tm_get_status/lib/python3.8/site-packages:/home/gy/tmdriver_ws/install/techman_robot_msgs/lib/python3.8/site-packages:/opt/ros/foxy/lib/python3.8/site-packages /usr/bin/cmake --build /home/gy/Omron_TM_ROS2/build/demo -- -j3 -l3
[0.053s] CMake Error: The current CMakeCache.txt directory /home/gy/Omron_TM_ROS2/build/demo/CMakeCache.txt is different than the directory /home/gy/tmr_ros2/build/demo where CMakeCache.txt was created. This may result in binaries being created in the wrong place. If you are not sure, reedit the CMakeCache.txt
[0.194s] -- Found ament_cmake: 0.9.8 (/opt/ros/foxy/share/ament_cmake/cmake)
[0.240s] -- Using PYTHON_EXECUTABLE: /usr/bin/python3
[0.729s] -- Found rclcpp: 2.3.0 (/opt/ros/foxy/share/rclcpp/cmake)
[0.810s] -- Using all available rosidl_typesupport_c: rosidl_typesupport_fastrtps_c;rosidl_typesupport_introspection_c
[0.818s] -- Found rosidl_adapter: 1.2.0 (/opt/ros/foxy/share/rosidl_adapter/cmake)
[1.153s] -- Using all available rosidl_typesupport_cpp: rosidl_typesupport_fastrtps_cpp;rosidl_typesupport_introspection_cpp
[1.283s] -- Found rmw_implementation_cmake: 1.0.2 (/opt/ros/foxy/share/rmw_implementation_cmake/cmake)
[1.290s] -- Using RMW implementation 'rmw_fastrtps_cpp' as default
[1.646s] -- Found sensor_msgs: 2.0.3 (/opt/ros/foxy/share/sensor_msgs/cmake)
[1.929s] -- Found tm_msgs: 1.0.0 (/home/gy/tmr_ros2/install/tm_msgs/share/tm_msgs/cmake)
[2.039s] -- Found ament_lint_auto: 0.9.6 (/opt/ros/foxy/share/ament_lint_auto/cmake)
[2.322s] -- Added test 'copyright' to check source files copyright and LICENSE
[2.324s] -- Added test 'cppcheck' to perform static code analysis on C / C++ code
[2.328s] -- Configured cppcheck include dirs: /home/gy/tmr_ros2/demo/include
[2.328s] -- Configured cppcheck exclude dirs and/or files: 
[2.330s] -- Added test 'cpplint' to check C / C++ code against the Google style
[2.330s] -- Configured cpplint exclude dirs and/or files: 
[2.331s] -- Added test 'lint_cmake' to check CMake code style
[2.333s] -- Added test 'uncrustify' to check C / C++ code style
[2.333s] -- Configured uncrustify additional arguments: 
[2.334s] -- Added test 'xmllint' to check XML markup files
[2.346s] -- Configuring done
[2.715s] -- Generating done
[2.721s] -- Build files have been written to: /home/gy/tmr_ros2/build/demo
[2.840s] [35m[1mScanning dependencies of target demo_ask_item[0m
[2.843s] [35m[1mScanning dependencies of target demo_set_positions[0m
[2.858s] [  3%] [32mBuilding CXX object CMakeFiles/demo_get_svr_response.dir/get_status_demo_src/demo_get_svr_response.cpp.o[0m
[2.943s] [  7%] [32mBuilding CXX object CMakeFiles/demo_ask_item.dir/src/demo_ask_item.cpp.o[0m
[2.959s] [ 11%] [32mBuilding CXX object CMakeFiles/demo_set_positions.dir/src/demo_set_positions.cpp.o[0m
[54.274s] Assembler messages:
[54.304s] Fatal error: can't create CMakeFiles/demo_ask_item.dir/src/demo_ask_item.cpp.o: No such file or directory
[54.305s] Assembler messages:
[54.305s] Fatal error: can't create CMakeFiles/demo_set_positions.dir/src/demo_set_positions.cpp.o: No such file or directory
[54.305s] Assembler messages:
[54.305s] Fatal error: can't create CMakeFiles/demo_get_svr_response.dir/get_status_demo_src/demo_get_svr_response.cpp.o: No such file or directory
[54.372s] make[2]: *** [CMakeFiles/demo_get_svr_response.dir/build.make:63: CMakeFiles/demo_get_svr_response.dir/get_status_demo_src/demo_get_svr_response.cpp.o] Error 1
[54.372s] make[2]: *** [CMakeFiles/demo_set_positions.dir/build.make:63: CMakeFiles/demo_set_positions.dir/src/demo_set_positions.cpp.o] Error 1
[54.372s] make[2]: *** [CMakeFiles/demo_ask_item.dir/build.make:63: CMakeFiles/demo_ask_item.dir/src/demo_ask_item.cpp.o] Error 1
[54.373s] make[1]: *** [CMakeFiles/Makefile2:102: CMakeFiles/demo_get_svr_response.dir/all] Error 2
[54.373s] make[1]: *** Waiting for unfinished jobs....
[54.373s] make[1]: *** [CMakeFiles/Makefile2:156: CMakeFiles/demo_ask_item.dir/all] Error 2
[54.373s] make[1]: *** [CMakeFiles/Makefile2:183: CMakeFiles/demo_set_positions.dir/all] Error 2
[54.373s] make: *** [Makefile:141: all] Error 2
